<?xml version="1.0" encoding="UTF-8"?>
<testsuite name="simulate housing credit leasing on the Bancolombia page" tests="1" skipped="0" failures="0" errors="0" timestamp="2022-04-11T23:19:17" hostname="CHMEPC279RF3" time="39.059">
  <properties/>
  <testcase name="Verify the result of the simulation of a home loan" classname="simulate housing credit leasing on the Bancolombia page" time="39.059"/>
  <system-out><![CDATA[Cuota fija en pesos $ 1.707.295

Tasa efectiva anual 9.95%

Tasa mes vencido 0.79%

Seguro de vida $ 21.551

Seguro de incendio y terremoto $ 25.397
]]></system-out>
  <system-err><![CDATA[[Test worker] WARN net.thucydides.core.steps.BaseStepListener - stepStarted: net.thucydides.core.steps.ExecutedStepDescription@2c66c008
[Test worker] WARN net.thucydides.core.steps.BaseStepListener - stepStarted: net.thucydides.core.steps.ExecutedStepDescription@2ee6abf
[Test worker] WARN net.thucydides.core.steps.BaseStepListener - stepStarted: net.thucydides.core.steps.ExecutedStepDescription@24bf2c7
abr 11, 2022 6:19:17 PM org.openqa.selenium.remote.DesiredCapabilities chrome
INFORMACIÓN: Using `new ChromeOptions()` is preferred to `DesiredCapabilities.chrome()`
[Test worker] INFO net.serenitybdd.core.webdriver.driverproviders.ProvideNewDriver - Instantiating driver
[Test worker] INFO net.serenitybdd.core.webdriver.driverproviders.ProvideNewDriver - Driver capabilities: Capabilities {acceptInsecureCerts: false, browserName: chrome, chrome.switches: --start-maximized, goog:chromeOptions: {args: [--start-maximized], extensions: []}, loggingPrefs: org.openqa.selenium.logging..., platform: ANY, version: }
Starting ChromeDriver 100.0.4896.60 (6a5d10861ce8de5fce22564658033b43cb7de047-refs/branch-heads/4896@{#875}) on port 45491
Only local connections are allowed.
Please see https://chromedriver.chromium.org/security-considerations for suggestions on keeping ChromeDriver safe.
ChromeDriver was started successfully.
abr 11, 2022 6:19:20 PM org.openqa.selenium.remote.ProtocolHandshake createSession
INFORMACIÓN: Detected dialect: W3C
[Test worker] WARN net.thucydides.core.steps.BaseStepListener - stepFinished: current outcome:Verify the result of the simulation of a home loan:Given user enters the bancolombia's page [Herika start [Herika opens the Enter page]]
[Test worker] WARN net.thucydides.core.steps.BaseStepListener - stepFinished: current outcome:Verify the result of the simulation of a home loan:Given user enters the bancolombia's page [Herika start [Herika opens the Enter page]]
[Test worker] WARN net.thucydides.core.steps.BaseStepListener - stepFinished: current outcome:Verify the result of the simulation of a home loan:Given user enters the bancolombia's page [Herika start [Herika opens the Enter page]]
[Test worker] WARN net.thucydides.core.steps.BaseStepListener - stepStarted: net.thucydides.core.steps.ExecutedStepDescription@3b6f4bdf
[Test worker] WARN net.thucydides.core.steps.BaseStepListener - stepStarted: net.thucydides.core.steps.ExecutedStepDescription@718dfc4
[Test worker] WARN net.thucydides.core.steps.BaseStepListener - stepStarted: net.thucydides.core.steps.ExecutedStepDescription@14b32806
[Test worker] WARN net.thucydides.core.steps.BaseStepListener - stepFinished: current outcome:Verify the result of the simulation of a home loan:Given user enters the bancolombia's page [Herika start [Herika opens the Enter page]], And user selects options 'Productos y Servicios - Leasing - Simula - Segun valor vivienda' [Herika selecting options [Herika clicks on Click on the products and services option]]
[Test worker] WARN net.thucydides.core.steps.BaseStepListener - stepStarted: net.thucydides.core.steps.ExecutedStepDescription@29b50a7f
[Test worker] WARN net.thucydides.core.steps.BaseStepListener - stepFinished: current outcome:Verify the result of the simulation of a home loan:Given user enters the bancolombia's page [Herika start [Herika opens the Enter page]], And user selects options 'Productos y Servicios - Leasing - Simula - Segun valor vivienda' [Herika selecting options [Herika clicks on Click on the products and services option, Herika clicks on Click on the leasing option]]
[Test worker] WARN net.thucydides.core.steps.BaseStepListener - stepStarted: net.thucydides.core.steps.ExecutedStepDescription@19508f8d
[Test worker] WARN net.thucydides.core.steps.BaseStepListener - stepFinished: current outcome:Verify the result of the simulation of a home loan:Given user enters the bancolombia's page [Herika start [Herika opens the Enter page]], And user selects options 'Productos y Servicios - Leasing - Simula - Segun valor vivienda' [Herika selecting options [Herika clicks on Click on the products and services option, Herika clicks on Click on the leasing option, Herika clicks on Select the residential leasing option]]
[Test worker] WARN net.thucydides.core.steps.BaseStepListener - stepStarted: net.thucydides.core.steps.ExecutedStepDescription@262e6923
[Test worker] WARN net.thucydides.core.steps.BaseStepListener - stepFinished: current outcome:Verify the result of the simulation of a home loan:Given user enters the bancolombia's page [Herika start [Herika opens the Enter page]], And user selects options 'Productos y Servicios - Leasing - Simula - Segun valor vivienda' [Herika selecting options [Herika clicks on Click on the products and services option, Herika clicks on Click on the leasing option, Herika clicks on Select the residential leasing option, Herika clicks on Select the simulate option]]
[Test worker] WARN net.thucydides.core.steps.BaseStepListener - stepStarted: net.thucydides.core.steps.ExecutedStepDescription@3136bc
[Test worker] WARN net.thucydides.core.steps.BaseStepListener - stepFinished: current outcome:Verify the result of the simulation of a home loan:Given user enters the bancolombia's page [Herika start [Herika opens the Enter page]], And user selects options 'Productos y Servicios - Leasing - Simula - Segun valor vivienda' [Herika selecting options [Herika clicks on Click on the products and services option, Herika clicks on Click on the leasing option, Herika clicks on Select the residential leasing option, Herika clicks on Select the simulate option, Herika clicks on Click on the option according to the value of the house]]
[Test worker] WARN net.thucydides.core.steps.BaseStepListener - stepFinished: current outcome:Verify the result of the simulation of a home loan:Given user enters the bancolombia's page [Herika start [Herika opens the Enter page]], And user selects options 'Productos y Servicios - Leasing - Simula - Segun valor vivienda' [Herika selecting options [Herika clicks on Click on the products and services option, Herika clicks on Click on the leasing option, Herika clicks on Select the residential leasing option, Herika clicks on Select the simulate option, Herika clicks on Click on the option according to the value of the house]]
[Test worker] WARN net.thucydides.core.steps.BaseStepListener - stepFinished: current outcome:Verify the result of the simulation of a home loan:Given user enters the bancolombia's page [Herika start [Herika opens the Enter page]], And user selects options 'Productos y Servicios - Leasing - Simula - Segun valor vivienda' [Herika selecting options [Herika clicks on Click on the products and services option, Herika clicks on Click on the leasing option, Herika clicks on Select the residential leasing option, Herika clicks on Select the simulate option, Herika clicks on Click on the option according to the value of the house]]
[Test worker] WARN net.thucydides.core.steps.BaseStepListener - stepStarted: net.thucydides.core.steps.ExecutedStepDescription@4cfef5c8
[Test worker] WARN net.thucydides.core.steps.BaseStepListener - stepStarted: net.thucydides.core.steps.ExecutedStepDescription@7d76de48
[Test worker] WARN net.thucydides.core.steps.BaseStepListener - stepStarted: net.thucydides.core.steps.ExecutedStepDescription@cb54550
[Test worker] WARN net.thucydides.core.steps.BaseStepListener - stepFinished: current outcome:Verify the result of the simulation of a home loan:Given user enters the bancolombia's page [Herika start [Herika opens the Enter page]], And user selects options 'Productos y Servicios - Leasing - Simula - Segun valor vivienda' [Herika selecting options [Herika clicks on Click on the products and services option, Herika clicks on Click on the leasing option, Herika clicks on Select the residential leasing option, Herika clicks on Select the simulate option, Herika clicks on Click on the option according to the value of the house]], When user enters the requested data to continue
| homeMarketValue | howManyYears |
| 170000000 | 11 | [Herika complete form [Herika enters '170000000' into Enter home market value]]
[Test worker] WARN net.thucydides.core.steps.BaseStepListener - stepStarted: net.thucydides.core.steps.ExecutedStepDescription@2a1805cd
[Test worker] WARN net.thucydides.core.steps.BaseStepListener - stepFinished: current outcome:Verify the result of the simulation of a home loan:Given user enters the bancolombia's page [Herika start [Herika opens the Enter page]], And user selects options 'Productos y Servicios - Leasing - Simula - Segun valor vivienda' [Herika selecting options [Herika clicks on Click on the products and services option, Herika clicks on Click on the leasing option, Herika clicks on Select the residential leasing option, Herika clicks on Select the simulate option, Herika clicks on Click on the option according to the value of the house]], When user enters the requested data to continue
| homeMarketValue | howManyYears |
| 170000000 | 11 | [Herika complete form [Herika enters '170000000' into Enter home market value, Herika clicks on Choose percentage]]
[Test worker] WARN net.thucydides.core.steps.BaseStepListener - stepStarted: net.thucydides.core.steps.ExecutedStepDescription@373d58c7
[Test worker] WARN net.thucydides.core.steps.BaseStepListener - stepFinished: current outcome:Verify the result of the simulation of a home loan:Given user enters the bancolombia's page [Herika start [Herika opens the Enter page]], And user selects options 'Productos y Servicios - Leasing - Simula - Segun valor vivienda' [Herika selecting options [Herika clicks on Click on the products and services option, Herika clicks on Click on the leasing option, Herika clicks on Select the residential leasing option, Herika clicks on Select the simulate option, Herika clicks on Click on the option according to the value of the house]], When user enters the requested data to continue
| homeMarketValue | howManyYears |
| 170000000 | 11 | [Herika complete form [Herika enters '170000000' into Enter home market value, Herika clicks on Choose percentage, Herika clicks on Select percentage value]]
[Test worker] WARN net.thucydides.core.steps.BaseStepListener - stepStarted: net.thucydides.core.steps.ExecutedStepDescription@4823c3ca
[Test worker] WARN net.thucydides.core.steps.BaseStepListener - stepFinished: current outcome:Verify the result of the simulation of a home loan:Given user enters the bancolombia's page [Herika start [Herika opens the Enter page]], And user selects options 'Productos y Servicios - Leasing - Simula - Segun valor vivienda' [Herika selecting options [Herika clicks on Click on the products and services option, Herika clicks on Click on the leasing option, Herika clicks on Select the residential leasing option, Herika clicks on Select the simulate option, Herika clicks on Click on the option according to the value of the house]], When user enters the requested data to continue
| homeMarketValue | howManyYears |
| 170000000 | 11 | [Herika complete form [Herika enters '170000000' into Enter home market value, Herika clicks on Choose percentage, Herika clicks on Select percentage value, Herika enters '11' into Write how many years]]
[Test worker] WARN net.thucydides.core.steps.BaseStepListener - stepStarted: net.thucydides.core.steps.ExecutedStepDescription@2e53767c
[Test worker] WARN net.thucydides.core.steps.BaseStepListener - stepFinished: current outcome:Verify the result of the simulation of a home loan:Given user enters the bancolombia's page [Herika start [Herika opens the Enter page]], And user selects options 'Productos y Servicios - Leasing - Simula - Segun valor vivienda' [Herika selecting options [Herika clicks on Click on the products and services option, Herika clicks on Click on the leasing option, Herika clicks on Select the residential leasing option, Herika clicks on Select the simulate option, Herika clicks on Click on the option according to the value of the house]], When user enters the requested data to continue
| homeMarketValue | howManyYears |
| 170000000 | 11 | [Herika complete form [Herika enters '170000000' into Enter home market value, Herika clicks on Choose percentage, Herika clicks on Select percentage value, Herika enters '11' into Write how many years, Herika clicks on Click on the date of birth field]]
[Test worker] WARN net.thucydides.core.steps.BaseStepListener - stepStarted: net.thucydides.core.steps.ExecutedStepDescription@31fc9b7a
[Test worker] WARN net.thucydides.core.steps.BaseStepListener - stepFinished: current outcome:Verify the result of the simulation of a home loan:Given user enters the bancolombia's page [Herika start [Herika opens the Enter page]], And user selects options 'Productos y Servicios - Leasing - Simula - Segun valor vivienda' [Herika selecting options [Herika clicks on Click on the products and services option, Herika clicks on Click on the leasing option, Herika clicks on Select the residential leasing option, Herika clicks on Select the simulate option, Herika clicks on Click on the option according to the value of the house]], When user enters the requested data to continue
| homeMarketValue | howManyYears |
| 170000000 | 11 | [Herika complete form [Herika enters '170000000' into Enter home market value, Herika clicks on Choose percentage, Herika clicks on Select percentage value, Herika enters '11' into Write how many years, Herika clicks on Click on the date of birth field, Herika clicks on Select year]]
[Test worker] WARN net.thucydides.core.steps.BaseStepListener - stepStarted: net.thucydides.core.steps.ExecutedStepDescription@67778fcb
[Test worker] WARN net.thucydides.core.steps.BaseStepListener - stepFinished: current outcome:Verify the result of the simulation of a home loan:Given user enters the bancolombia's page [Herika start [Herika opens the Enter page]], And user selects options 'Productos y Servicios - Leasing - Simula - Segun valor vivienda' [Herika selecting options [Herika clicks on Click on the products and services option, Herika clicks on Click on the leasing option, Herika clicks on Select the residential leasing option, Herika clicks on Select the simulate option, Herika clicks on Click on the option according to the value of the house]], When user enters the requested data to continue
| homeMarketValue | howManyYears |
| 170000000 | 11 | [Herika complete form [Herika enters '170000000' into Enter home market value, Herika clicks on Choose percentage, Herika clicks on Select percentage value, Herika enters '11' into Write how many years, Herika clicks on Click on the date of birth field, Herika clicks on Select year, Herika clicks on Select month]]
[Test worker] WARN net.thucydides.core.steps.BaseStepListener - stepStarted: net.thucydides.core.steps.ExecutedStepDescription@7b2dca47
[Test worker] WARN net.thucydides.core.steps.BaseStepListener - stepFinished: current outcome:Verify the result of the simulation of a home loan:Given user enters the bancolombia's page [Herika start [Herika opens the Enter page]], And user selects options 'Productos y Servicios - Leasing - Simula - Segun valor vivienda' [Herika selecting options [Herika clicks on Click on the products and services option, Herika clicks on Click on the leasing option, Herika clicks on Select the residential leasing option, Herika clicks on Select the simulate option, Herika clicks on Click on the option according to the value of the house]], When user enters the requested data to continue
| homeMarketValue | howManyYears |
| 170000000 | 11 | [Herika complete form [Herika enters '170000000' into Enter home market value, Herika clicks on Choose percentage, Herika clicks on Select percentage value, Herika enters '11' into Write how many years, Herika clicks on Click on the date of birth field, Herika clicks on Select year, Herika clicks on Select month, Herika clicks on Select day]]
[Test worker] WARN net.thucydides.core.steps.BaseStepListener - stepStarted: net.thucydides.core.steps.ExecutedStepDescription@169b18c8
[Test worker] WARN net.thucydides.core.steps.BaseStepListener - stepFinished: current outcome:Verify the result of the simulation of a home loan:Given user enters the bancolombia's page [Herika start [Herika opens the Enter page]], And user selects options 'Productos y Servicios - Leasing - Simula - Segun valor vivienda' [Herika selecting options [Herika clicks on Click on the products and services option, Herika clicks on Click on the leasing option, Herika clicks on Select the residential leasing option, Herika clicks on Select the simulate option, Herika clicks on Click on the option according to the value of the house]], When user enters the requested data to continue
| homeMarketValue | howManyYears |
| 170000000 | 11 | [Herika complete form [Herika enters '170000000' into Enter home market value, Herika clicks on Choose percentage, Herika clicks on Select percentage value, Herika enters '11' into Write how many years, Herika clicks on Click on the date of birth field, Herika clicks on Select year, Herika clicks on Select month, Herika clicks on Select day, Herika clicks on Click on the simulate button]]
[Test worker] WARN net.thucydides.core.steps.BaseStepListener - stepFinished: current outcome:Verify the result of the simulation of a home loan:Given user enters the bancolombia's page [Herika start [Herika opens the Enter page]], And user selects options 'Productos y Servicios - Leasing - Simula - Segun valor vivienda' [Herika selecting options [Herika clicks on Click on the products and services option, Herika clicks on Click on the leasing option, Herika clicks on Select the residential leasing option, Herika clicks on Select the simulate option, Herika clicks on Click on the option according to the value of the house]], When user enters the requested data to continue
| homeMarketValue | howManyYears |
| 170000000 | 11 | [Herika complete form [Herika enters '170000000' into Enter home market value, Herika clicks on Choose percentage, Herika clicks on Select percentage value, Herika enters '11' into Write how many years, Herika clicks on Click on the date of birth field, Herika clicks on Select year, Herika clicks on Select month, Herika clicks on Select day, Herika clicks on Click on the simulate button]]
[Test worker] WARN net.thucydides.core.steps.BaseStepListener - stepFinished: current outcome:Verify the result of the simulation of a home loan:Given user enters the bancolombia's page [Herika start [Herika opens the Enter page]], And user selects options 'Productos y Servicios - Leasing - Simula - Segun valor vivienda' [Herika selecting options [Herika clicks on Click on the products and services option, Herika clicks on Click on the leasing option, Herika clicks on Select the residential leasing option, Herika clicks on Select the simulate option, Herika clicks on Click on the option according to the value of the house]], When user enters the requested data to continue
| homeMarketValue | howManyYears |
| 170000000 | 11 | [Herika complete form [Herika enters '170000000' into Enter home market value, Herika clicks on Choose percentage, Herika clicks on Select percentage value, Herika enters '11' into Write how many years, Herika clicks on Click on the date of birth field, Herika clicks on Select year, Herika clicks on Select month, Herika clicks on Select day, Herika clicks on Click on the simulate button]]
[Test worker] WARN net.thucydides.core.steps.BaseStepListener - stepStarted: net.thucydides.core.steps.ExecutedStepDescription@513b59e2
[Test worker] WARN net.thucydides.core.steps.BaseStepListener - stepStarted: net.thucydides.core.steps.ExecutedStepDescription@7c37f305
[Test worker] WARN net.thucydides.core.steps.BaseStepListener - stepStarted: net.thucydides.core.steps.ExecutedStepDescription@4ba425d4
[Test worker] WARN net.thucydides.core.steps.BaseStepListener - stepFinished: current outcome:Verify the result of the simulation of a home loan:Given user enters the bancolombia's page [Herika start [Herika opens the Enter page]], And user selects options 'Productos y Servicios - Leasing - Simula - Segun valor vivienda' [Herika selecting options [Herika clicks on Click on the products and services option, Herika clicks on Click on the leasing option, Herika clicks on Select the residential leasing option, Herika clicks on Select the simulate option, Herika clicks on Click on the option according to the value of the house]], When user enters the requested data to continue
| homeMarketValue | howManyYears |
| 170000000 | 11 | [Herika complete form [Herika enters '170000000' into Enter home market value, Herika clicks on Choose percentage, Herika clicks on Select percentage value, Herika enters '11' into Write how many years, Herika clicks on Click on the date of birth field, Herika clicks on Select year, Herika clicks on Select month, Herika clicks on Select day, Herika clicks on Click on the simulate button]], And user selects the option 'leasing Habicacional' [Herika last step [Herika clicks on Click on the simulate button]]
[Test worker] WARN net.thucydides.core.steps.BaseStepListener - stepStarted: net.thucydides.core.steps.ExecutedStepDescription@5c35f28b
[Test worker] WARN net.thucydides.core.steps.BaseStepListener - stepFinished: current outcome:Verify the result of the simulation of a home loan:Given user enters the bancolombia's page [Herika start [Herika opens the Enter page]], And user selects options 'Productos y Servicios - Leasing - Simula - Segun valor vivienda' [Herika selecting options [Herika clicks on Click on the products and services option, Herika clicks on Click on the leasing option, Herika clicks on Select the residential leasing option, Herika clicks on Select the simulate option, Herika clicks on Click on the option according to the value of the house]], When user enters the requested data to continue
| homeMarketValue | howManyYears |
| 170000000 | 11 | [Herika complete form [Herika enters '170000000' into Enter home market value, Herika clicks on Choose percentage, Herika clicks on Select percentage value, Herika enters '11' into Write how many years, Herika clicks on Click on the date of birth field, Herika clicks on Select year, Herika clicks on Select month, Herika clicks on Select day, Herika clicks on Click on the simulate button]], And user selects the option 'leasing Habicacional' [Herika last step [Herika clicks on Click on the simulate button, Herika clicks on Click on rates and fees]]
[Test worker] WARN net.thucydides.core.steps.BaseStepListener - stepFinished: current outcome:Verify the result of the simulation of a home loan:Given user enters the bancolombia's page [Herika start [Herika opens the Enter page]], And user selects options 'Productos y Servicios - Leasing - Simula - Segun valor vivienda' [Herika selecting options [Herika clicks on Click on the products and services option, Herika clicks on Click on the leasing option, Herika clicks on Select the residential leasing option, Herika clicks on Select the simulate option, Herika clicks on Click on the option according to the value of the house]], When user enters the requested data to continue
| homeMarketValue | howManyYears |
| 170000000 | 11 | [Herika complete form [Herika enters '170000000' into Enter home market value, Herika clicks on Choose percentage, Herika clicks on Select percentage value, Herika enters '11' into Write how many years, Herika clicks on Click on the date of birth field, Herika clicks on Select year, Herika clicks on Select month, Herika clicks on Select day, Herika clicks on Click on the simulate button]], And user selects the option 'leasing Habicacional' [Herika last step [Herika clicks on Click on the simulate button, Herika clicks on Click on rates and fees]]
[Test worker] WARN net.thucydides.core.steps.BaseStepListener - stepFinished: current outcome:Verify the result of the simulation of a home loan:Given user enters the bancolombia's page [Herika start [Herika opens the Enter page]], And user selects options 'Productos y Servicios - Leasing - Simula - Segun valor vivienda' [Herika selecting options [Herika clicks on Click on the products and services option, Herika clicks on Click on the leasing option, Herika clicks on Select the residential leasing option, Herika clicks on Select the simulate option, Herika clicks on Click on the option according to the value of the house]], When user enters the requested data to continue
| homeMarketValue | howManyYears |
| 170000000 | 11 | [Herika complete form [Herika enters '170000000' into Enter home market value, Herika clicks on Choose percentage, Herika clicks on Select percentage value, Herika enters '11' into Write how many years, Herika clicks on Click on the date of birth field, Herika clicks on Select year, Herika clicks on Select month, Herika clicks on Select day, Herika clicks on Click on the simulate button]], And user selects the option 'leasing Habicacional' [Herika last step [Herika clicks on Click on the simulate button, Herika clicks on Click on rates and fees]]
[Test worker] WARN net.thucydides.core.steps.BaseStepListener - stepStarted: net.thucydides.core.steps.ExecutedStepDescription@7ead31d1
[Test worker] WARN net.thucydides.core.steps.BaseStepListener - stepStarted: net.thucydides.core.steps.ExecutedStepDescription@4b44f55e
[Test worker] WARN net.thucydides.core.steps.BaseStepListener - stepFinished: current outcome:Verify the result of the simulation of a home loan:Given user enters the bancolombia's page [Herika start [Herika opens the Enter page]], And user selects options 'Productos y Servicios - Leasing - Simula - Segun valor vivienda' [Herika selecting options [Herika clicks on Click on the products and services option, Herika clicks on Click on the leasing option, Herika clicks on Select the residential leasing option, Herika clicks on Select the simulate option, Herika clicks on Click on the option according to the value of the house]], When user enters the requested data to continue
| homeMarketValue | howManyYears |
| 170000000 | 11 | [Herika complete form [Herika enters '170000000' into Enter home market value, Herika clicks on Choose percentage, Herika clicks on Select percentage value, Herika enters '11' into Write how many years, Herika clicks on Click on the date of birth field, Herika clicks on Select year, Herika clicks on Select month, Herika clicks on Select day, Herika clicks on Click on the simulate button]], And user selects the option 'leasing Habicacional' [Herika last step [Herika clicks on Click on the simulate button, Herika clicks on Click on rates and fees]], Then user verifies the result of the simulation was successful
| strCheckSimulation |
| Cuota fija en pesos | [Then verify result should be 'Cuota fija en pesos']
[Test worker] WARN net.thucydides.core.steps.BaseStepListener - stepFinished: current outcome:Verify the result of the simulation of a home loan:Given user enters the bancolombia's page [Herika start [Herika opens the Enter page]], And user selects options 'Productos y Servicios - Leasing - Simula - Segun valor vivienda' [Herika selecting options [Herika clicks on Click on the products and services option, Herika clicks on Click on the leasing option, Herika clicks on Select the residential leasing option, Herika clicks on Select the simulate option, Herika clicks on Click on the option according to the value of the house]], When user enters the requested data to continue
| homeMarketValue | howManyYears |
| 170000000 | 11 | [Herika complete form [Herika enters '170000000' into Enter home market value, Herika clicks on Choose percentage, Herika clicks on Select percentage value, Herika enters '11' into Write how many years, Herika clicks on Click on the date of birth field, Herika clicks on Select year, Herika clicks on Select month, Herika clicks on Select day, Herika clicks on Click on the simulate button]], And user selects the option 'leasing Habicacional' [Herika last step [Herika clicks on Click on the simulate button, Herika clicks on Click on rates and fees]], Then user verifies the result of the simulation was successful
| strCheckSimulation |
| Cuota fija en pesos | [Then verify result should be 'Cuota fija en pesos']
[Test worker] WARN net.thucydides.core.steps.BaseStepListener - testFinished: Verify the result of the simulation of a home loan:Given user enters the bancolombia's page [Herika start [Herika opens the Enter page]], And user selects options 'Productos y Servicios - Leasing - Simula - Segun valor vivienda' [Herika selecting options [Herika clicks on Click on the products and services option, Herika clicks on Click on the leasing option, Herika clicks on Select the residential leasing option, Herika clicks on Select the simulate option, Herika clicks on Click on the option according to the value of the house]], When user enters the requested data to continue
| homeMarketValue | howManyYears |
| 170000000 | 11 | [Herika complete form [Herika enters '170000000' into Enter home market value, Herika clicks on Choose percentage, Herika clicks on Select percentage value, Herika enters '11' into Write how many years, Herika clicks on Click on the date of birth field, Herika clicks on Select year, Herika clicks on Select month, Herika clicks on Select day, Herika clicks on Click on the simulate button]], And user selects the option 'leasing Habicacional' [Herika last step [Herika clicks on Click on the simulate button, Herika clicks on Click on rates and fees]], Then user verifies the result of the simulation was successful
| strCheckSimulation |
| Cuota fija en pesos | [Then verify result should be 'Cuota fija en pesos']
[Test worker] WARN net.thucydides.core.steps.BaseStepListener - TestOutcomes: [Verify the result of the simulation of a home loan:Given user enters the bancolombia's page [Herika start [Herika opens the Enter page]], And user selects options 'Productos y Servicios - Leasing - Simula - Segun valor vivienda' [Herika selecting options [Herika clicks on Click on the products and services option, Herika clicks on Click on the leasing option, Herika clicks on Select the residential leasing option, Herika clicks on Select the simulate option, Herika clicks on Click on the option according to the value of the house]], When user enters the requested data to continue
| homeMarketValue | howManyYears |
| 170000000 | 11 | [Herika complete form [Herika enters '170000000' into Enter home market value, Herika clicks on Choose percentage, Herika clicks on Select percentage value, Herika enters '11' into Write how many years, Herika clicks on Click on the date of birth field, Herika clicks on Select year, Herika clicks on Select month, Herika clicks on Select day, Herika clicks on Click on the simulate button]], And user selects the option 'leasing Habicacional' [Herika last step [Herika clicks on Click on the simulate button, Herika clicks on Click on rates and fees]], Then user verifies the result of the simulation was successful
| strCheckSimulation |
| Cuota fija en pesos | [Then verify result should be 'Cuota fija en pesos']]
[Test worker] WARN net.thucydides.core.steps.BaseStepListener - Final testOutcomes: [Verify the result of the simulation of a home loan:Given user enters the bancolombia's page [Herika start [Herika opens the Enter page]], And user selects options 'Productos y Servicios - Leasing - Simula - Segun valor vivienda' [Herika selecting options [Herika clicks on Click on the products and services option, Herika clicks on Click on the leasing option, Herika clicks on Select the residential leasing option, Herika clicks on Select the simulate option, Herika clicks on Click on the option according to the value of the house]], When user enters the requested data to continue
| homeMarketValue | howManyYears |
| 170000000 | 11 | [Herika complete form [Herika enters '170000000' into Enter home market value, Herika clicks on Choose percentage, Herika clicks on Select percentage value, Herika enters '11' into Write how many years, Herika clicks on Click on the date of birth field, Herika clicks on Select year, Herika clicks on Select month, Herika clicks on Select day, Herika clicks on Click on the simulate button]], And user selects the option 'leasing Habicacional' [Herika last step [Herika clicks on Click on the simulate button, Herika clicks on Click on rates and fees]], Then user verifies the result of the simulation was successful
| strCheckSimulation |
| Cuota fija en pesos | [Then verify result should be 'Cuota fija en pesos']]
[Test worker] INFO net.thucydides.core.steps.ConsoleLoggingListener - ?[92m
        __    _____ _____ ____ _____   ____   _    ____  ____  _____ ____  
  _     \ \  |_   _| ____/ ___|_   _| |  _ \ / \  / ___|/ ___|| ____|  _ \ 
 (_)_____| |   | | |  _| \___ \ | |   | |_) / _ \ \___ \\___ \|  _| | | | |
  _|_____| |   | | | |___ ___) || |   |  __/ ___ \ ___) |___) | |___| |_| |
 (_)     | |   |_| |_____|____/ |_|   |_| /_/   \_\____/|____/|_____|____/ 
        /_/                                                                

TEST PASSED: Verify the result of the simulation of a home loan
----------------------------------------------------------------------------?[0m
]]></system-err>
</testsuite>
