<?xml version="1.0" encoding="UTF-8"?>
<testsuite name="simulate housing credit leasing on the Bancolombia page" tests="2" skipped="0" failures="0" errors="0" timestamp="2022-04-11T04:28:59" hostname="CHMEPC279RF3" time="54.305">
  <properties/>
  <testcase name="Verify the result of the simulation of a home loan" classname="simulate housing credit leasing on the Bancolombia page" time="29.872"/>
  <testcase name="Verify the result of the simulation of a housing loan with erroneous data" classname="simulate housing credit leasing on the Bancolombia page" time="24.337"/>
  <system-out><![CDATA[Cuota fija en pesos$ 1.707.295]]></system-out>
  <system-err><![CDATA[[Test worker] WARN net.thucydides.core.steps.BaseStepListener - stepStarted: net.thucydides.core.steps.ExecutedStepDescription@51face4e
[Test worker] WARN net.thucydides.core.steps.BaseStepListener - stepStarted: net.thucydides.core.steps.ExecutedStepDescription@645714e2
[Test worker] WARN net.thucydides.core.steps.BaseStepListener - stepStarted: net.thucydides.core.steps.ExecutedStepDescription@f32f3d8
abr 10, 2022 11:29:00 PM org.openqa.selenium.remote.DesiredCapabilities chrome
INFORMACIÓN: Using `new ChromeOptions()` is preferred to `DesiredCapabilities.chrome()`
[Test worker] INFO net.serenitybdd.core.webdriver.driverproviders.ProvideNewDriver - Instantiating driver
[Test worker] INFO net.serenitybdd.core.webdriver.driverproviders.ProvideNewDriver - Driver capabilities: Capabilities {acceptInsecureCerts: false, browserName: chrome, chrome.switches: --start-maximized, goog:chromeOptions: {args: [--start-maximized], extensions: []}, loggingPrefs: org.openqa.selenium.logging..., platform: ANY, version: }
Starting ChromeDriver 100.0.4896.60 (6a5d10861ce8de5fce22564658033b43cb7de047-refs/branch-heads/4896@{#875}) on port 12724
Only local connections are allowed.
Please see https://chromedriver.chromium.org/security-considerations for suggestions on keeping ChromeDriver safe.
ChromeDriver was started successfully.
abr 10, 2022 11:29:03 PM org.openqa.selenium.remote.ProtocolHandshake createSession
INFORMACIÓN: Detected dialect: W3C
[Test worker] WARN net.thucydides.core.steps.BaseStepListener - stepFinished: current outcome:Verify the result of the simulation of a home loan:Given user enters the bancolombia's page [Herika start [Herika opens the Enter page]]
[Test worker] WARN net.thucydides.core.steps.BaseStepListener - stepStarted: net.thucydides.core.steps.ExecutedStepDescription@298a6c24
[Test worker] WARN net.thucydides.core.steps.BaseStepListener - stepFinished: current outcome:Verify the result of the simulation of a home loan:Given user enters the bancolombia's page [Herika start [Herika opens the Enter page, Herika clicks on Click on the button to go to the main page]]
[Test worker] WARN net.thucydides.core.steps.BaseStepListener - stepFinished: current outcome:Verify the result of the simulation of a home loan:Given user enters the bancolombia's page [Herika start [Herika opens the Enter page, Herika clicks on Click on the button to go to the main page]]
[Test worker] WARN net.thucydides.core.steps.BaseStepListener - stepFinished: current outcome:Verify the result of the simulation of a home loan:Given user enters the bancolombia's page [Herika start [Herika opens the Enter page, Herika clicks on Click on the button to go to the main page]]
[Test worker] WARN net.thucydides.core.steps.BaseStepListener - stepStarted: net.thucydides.core.steps.ExecutedStepDescription@62e08da3
[Test worker] WARN net.thucydides.core.steps.BaseStepListener - stepStarted: net.thucydides.core.steps.ExecutedStepDescription@40185747
[Test worker] WARN net.thucydides.core.steps.BaseStepListener - stepStarted: net.thucydides.core.steps.ExecutedStepDescription@1f5818ae
[Test worker] WARN net.thucydides.core.steps.BaseStepListener - stepFinished: current outcome:Verify the result of the simulation of a home loan:Given user enters the bancolombia's page [Herika start [Herika opens the Enter page, Herika clicks on Click on the button to go to the main page]], And user selects options 'Productos y Servicios - Leasing - Simula - Segun valor vivienda' [Herika selecting options [Herika clicks on Click on the products and services option]]
[Test worker] WARN net.thucydides.core.steps.BaseStepListener - stepStarted: net.thucydides.core.steps.ExecutedStepDescription@7df549e4
[Test worker] WARN net.thucydides.core.steps.BaseStepListener - stepFinished: current outcome:Verify the result of the simulation of a home loan:Given user enters the bancolombia's page [Herika start [Herika opens the Enter page, Herika clicks on Click on the button to go to the main page]], And user selects options 'Productos y Servicios - Leasing - Simula - Segun valor vivienda' [Herika selecting options [Herika clicks on Click on the products and services option, Herika clicks on Click on the leasing option]]
[Test worker] WARN net.thucydides.core.steps.BaseStepListener - stepStarted: net.thucydides.core.steps.ExecutedStepDescription@35d231d0
[Test worker] WARN net.thucydides.core.steps.BaseStepListener - stepFinished: current outcome:Verify the result of the simulation of a home loan:Given user enters the bancolombia's page [Herika start [Herika opens the Enter page, Herika clicks on Click on the button to go to the main page]], And user selects options 'Productos y Servicios - Leasing - Simula - Segun valor vivienda' [Herika selecting options [Herika clicks on Click on the products and services option, Herika clicks on Click on the leasing option, Herika clicks on Select the residential leasing option]]
[Test worker] WARN net.thucydides.core.steps.BaseStepListener - stepStarted: net.thucydides.core.steps.ExecutedStepDescription@2d99f8a5
[Test worker] WARN net.thucydides.core.steps.BaseStepListener - stepFinished: current outcome:Verify the result of the simulation of a home loan:Given user enters the bancolombia's page [Herika start [Herika opens the Enter page, Herika clicks on Click on the button to go to the main page]], And user selects options 'Productos y Servicios - Leasing - Simula - Segun valor vivienda' [Herika selecting options [Herika clicks on Click on the products and services option, Herika clicks on Click on the leasing option, Herika clicks on Select the residential leasing option, Herika clicks on Select the simulate option]]
[Test worker] WARN net.thucydides.core.steps.BaseStepListener - stepStarted: net.thucydides.core.steps.ExecutedStepDescription@3d2dd592
[Test worker] WARN net.thucydides.core.steps.BaseStepListener - stepFinished: current outcome:Verify the result of the simulation of a home loan:Given user enters the bancolombia's page [Herika start [Herika opens the Enter page, Herika clicks on Click on the button to go to the main page]], And user selects options 'Productos y Servicios - Leasing - Simula - Segun valor vivienda' [Herika selecting options [Herika clicks on Click on the products and services option, Herika clicks on Click on the leasing option, Herika clicks on Select the residential leasing option, Herika clicks on Select the simulate option, Herika clicks on Click on the option according to the value of the house]]
[Test worker] WARN net.thucydides.core.steps.BaseStepListener - stepFinished: current outcome:Verify the result of the simulation of a home loan:Given user enters the bancolombia's page [Herika start [Herika opens the Enter page, Herika clicks on Click on the button to go to the main page]], And user selects options 'Productos y Servicios - Leasing - Simula - Segun valor vivienda' [Herika selecting options [Herika clicks on Click on the products and services option, Herika clicks on Click on the leasing option, Herika clicks on Select the residential leasing option, Herika clicks on Select the simulate option, Herika clicks on Click on the option according to the value of the house]]
[Test worker] WARN net.thucydides.core.steps.BaseStepListener - stepFinished: current outcome:Verify the result of the simulation of a home loan:Given user enters the bancolombia's page [Herika start [Herika opens the Enter page, Herika clicks on Click on the button to go to the main page]], And user selects options 'Productos y Servicios - Leasing - Simula - Segun valor vivienda' [Herika selecting options [Herika clicks on Click on the products and services option, Herika clicks on Click on the leasing option, Herika clicks on Select the residential leasing option, Herika clicks on Select the simulate option, Herika clicks on Click on the option according to the value of the house]]
[Test worker] WARN net.thucydides.core.steps.BaseStepListener - stepStarted: net.thucydides.core.steps.ExecutedStepDescription@7186a4cf
[Test worker] WARN net.thucydides.core.steps.BaseStepListener - stepStarted: net.thucydides.core.steps.ExecutedStepDescription@77f24c6
[Test worker] WARN net.thucydides.core.steps.BaseStepListener - stepStarted: net.thucydides.core.steps.ExecutedStepDescription@775d58da
[Test worker] WARN net.thucydides.core.steps.BaseStepListener - stepFinished: current outcome:Verify the result of the simulation of a home loan:Given user enters the bancolombia's page [Herika start [Herika opens the Enter page, Herika clicks on Click on the button to go to the main page]], And user selects options 'Productos y Servicios - Leasing - Simula - Segun valor vivienda' [Herika selecting options [Herika clicks on Click on the products and services option, Herika clicks on Click on the leasing option, Herika clicks on Select the residential leasing option, Herika clicks on Select the simulate option, Herika clicks on Click on the option according to the value of the house]], When user enters the requested data to continue
| homeMarketValue | howManyYears |
| 170000000 | 11 | [Herika complete form [Herika enters '170000000' into Enter home market value]]
[Test worker] WARN net.thucydides.core.steps.BaseStepListener - stepStarted: net.thucydides.core.steps.ExecutedStepDescription@5f16682f
[Test worker] WARN net.thucydides.core.steps.BaseStepListener - stepFinished: current outcome:Verify the result of the simulation of a home loan:Given user enters the bancolombia's page [Herika start [Herika opens the Enter page, Herika clicks on Click on the button to go to the main page]], And user selects options 'Productos y Servicios - Leasing - Simula - Segun valor vivienda' [Herika selecting options [Herika clicks on Click on the products and services option, Herika clicks on Click on the leasing option, Herika clicks on Select the residential leasing option, Herika clicks on Select the simulate option, Herika clicks on Click on the option according to the value of the house]], When user enters the requested data to continue
| homeMarketValue | howManyYears |
| 170000000 | 11 | [Herika complete form [Herika enters '170000000' into Enter home market value, Herika clicks on Choose percentage]]
[Test worker] WARN net.thucydides.core.steps.BaseStepListener - stepStarted: net.thucydides.core.steps.ExecutedStepDescription@23c73e0a
[Test worker] WARN net.thucydides.core.steps.BaseStepListener - stepFinished: current outcome:Verify the result of the simulation of a home loan:Given user enters the bancolombia's page [Herika start [Herika opens the Enter page, Herika clicks on Click on the button to go to the main page]], And user selects options 'Productos y Servicios - Leasing - Simula - Segun valor vivienda' [Herika selecting options [Herika clicks on Click on the products and services option, Herika clicks on Click on the leasing option, Herika clicks on Select the residential leasing option, Herika clicks on Select the simulate option, Herika clicks on Click on the option according to the value of the house]], When user enters the requested data to continue
| homeMarketValue | howManyYears |
| 170000000 | 11 | [Herika complete form [Herika enters '170000000' into Enter home market value, Herika clicks on Choose percentage, Herika clicks on Select percentage value]]
[Test worker] WARN net.thucydides.core.steps.BaseStepListener - stepStarted: net.thucydides.core.steps.ExecutedStepDescription@18a1fa0d
[Test worker] WARN net.thucydides.core.steps.BaseStepListener - stepFinished: current outcome:Verify the result of the simulation of a home loan:Given user enters the bancolombia's page [Herika start [Herika opens the Enter page, Herika clicks on Click on the button to go to the main page]], And user selects options 'Productos y Servicios - Leasing - Simula - Segun valor vivienda' [Herika selecting options [Herika clicks on Click on the products and services option, Herika clicks on Click on the leasing option, Herika clicks on Select the residential leasing option, Herika clicks on Select the simulate option, Herika clicks on Click on the option according to the value of the house]], When user enters the requested data to continue
| homeMarketValue | howManyYears |
| 170000000 | 11 | [Herika complete form [Herika enters '170000000' into Enter home market value, Herika clicks on Choose percentage, Herika clicks on Select percentage value, Herika enters '11' into Write how many years]]
[Test worker] WARN net.thucydides.core.steps.BaseStepListener - stepStarted: net.thucydides.core.steps.ExecutedStepDescription@7e35ea6e
[Test worker] WARN net.thucydides.core.steps.BaseStepListener - stepFinished: current outcome:Verify the result of the simulation of a home loan:Given user enters the bancolombia's page [Herika start [Herika opens the Enter page, Herika clicks on Click on the button to go to the main page]], And user selects options 'Productos y Servicios - Leasing - Simula - Segun valor vivienda' [Herika selecting options [Herika clicks on Click on the products and services option, Herika clicks on Click on the leasing option, Herika clicks on Select the residential leasing option, Herika clicks on Select the simulate option, Herika clicks on Click on the option according to the value of the house]], When user enters the requested data to continue
| homeMarketValue | howManyYears |
| 170000000 | 11 | [Herika complete form [Herika enters '170000000' into Enter home market value, Herika clicks on Choose percentage, Herika clicks on Select percentage value, Herika enters '11' into Write how many years, Herika clicks on Click on the date of birth field]]
[Test worker] WARN net.thucydides.core.steps.BaseStepListener - stepStarted: net.thucydides.core.steps.ExecutedStepDescription@6a50af0e
[Test worker] WARN net.thucydides.core.steps.BaseStepListener - stepFinished: current outcome:Verify the result of the simulation of a home loan:Given user enters the bancolombia's page [Herika start [Herika opens the Enter page, Herika clicks on Click on the button to go to the main page]], And user selects options 'Productos y Servicios - Leasing - Simula - Segun valor vivienda' [Herika selecting options [Herika clicks on Click on the products and services option, Herika clicks on Click on the leasing option, Herika clicks on Select the residential leasing option, Herika clicks on Select the simulate option, Herika clicks on Click on the option according to the value of the house]], When user enters the requested data to continue
| homeMarketValue | howManyYears |
| 170000000 | 11 | [Herika complete form [Herika enters '170000000' into Enter home market value, Herika clicks on Choose percentage, Herika clicks on Select percentage value, Herika enters '11' into Write how many years, Herika clicks on Click on the date of birth field, Herika clicks on Select year]]
[Test worker] WARN net.thucydides.core.steps.BaseStepListener - stepStarted: net.thucydides.core.steps.ExecutedStepDescription@3cc10a72
[Test worker] WARN net.thucydides.core.steps.BaseStepListener - stepFinished: current outcome:Verify the result of the simulation of a home loan:Given user enters the bancolombia's page [Herika start [Herika opens the Enter page, Herika clicks on Click on the button to go to the main page]], And user selects options 'Productos y Servicios - Leasing - Simula - Segun valor vivienda' [Herika selecting options [Herika clicks on Click on the products and services option, Herika clicks on Click on the leasing option, Herika clicks on Select the residential leasing option, Herika clicks on Select the simulate option, Herika clicks on Click on the option according to the value of the house]], When user enters the requested data to continue
| homeMarketValue | howManyYears |
| 170000000 | 11 | [Herika complete form [Herika enters '170000000' into Enter home market value, Herika clicks on Choose percentage, Herika clicks on Select percentage value, Herika enters '11' into Write how many years, Herika clicks on Click on the date of birth field, Herika clicks on Select year, Herika clicks on Select month]]
[Test worker] WARN net.thucydides.core.steps.BaseStepListener - stepStarted: net.thucydides.core.steps.ExecutedStepDescription@74a65966
[Test worker] WARN net.thucydides.core.steps.BaseStepListener - stepFinished: current outcome:Verify the result of the simulation of a home loan:Given user enters the bancolombia's page [Herika start [Herika opens the Enter page, Herika clicks on Click on the button to go to the main page]], And user selects options 'Productos y Servicios - Leasing - Simula - Segun valor vivienda' [Herika selecting options [Herika clicks on Click on the products and services option, Herika clicks on Click on the leasing option, Herika clicks on Select the residential leasing option, Herika clicks on Select the simulate option, Herika clicks on Click on the option according to the value of the house]], When user enters the requested data to continue
| homeMarketValue | howManyYears |
| 170000000 | 11 | [Herika complete form [Herika enters '170000000' into Enter home market value, Herika clicks on Choose percentage, Herika clicks on Select percentage value, Herika enters '11' into Write how many years, Herika clicks on Click on the date of birth field, Herika clicks on Select year, Herika clicks on Select month, Herika clicks on Select day]]
[Test worker] WARN net.thucydides.core.steps.BaseStepListener - stepStarted: net.thucydides.core.steps.ExecutedStepDescription@2b94f42b
[Test worker] WARN net.thucydides.core.steps.BaseStepListener - stepFinished: current outcome:Verify the result of the simulation of a home loan:Given user enters the bancolombia's page [Herika start [Herika opens the Enter page, Herika clicks on Click on the button to go to the main page]], And user selects options 'Productos y Servicios - Leasing - Simula - Segun valor vivienda' [Herika selecting options [Herika clicks on Click on the products and services option, Herika clicks on Click on the leasing option, Herika clicks on Select the residential leasing option, Herika clicks on Select the simulate option, Herika clicks on Click on the option according to the value of the house]], When user enters the requested data to continue
| homeMarketValue | howManyYears |
| 170000000 | 11 | [Herika complete form [Herika enters '170000000' into Enter home market value, Herika clicks on Choose percentage, Herika clicks on Select percentage value, Herika enters '11' into Write how many years, Herika clicks on Click on the date of birth field, Herika clicks on Select year, Herika clicks on Select month, Herika clicks on Select day, Herika clicks on Click on the simulate button]]
[Test worker] WARN net.thucydides.core.steps.BaseStepListener - stepFinished: current outcome:Verify the result of the simulation of a home loan:Given user enters the bancolombia's page [Herika start [Herika opens the Enter page, Herika clicks on Click on the button to go to the main page]], And user selects options 'Productos y Servicios - Leasing - Simula - Segun valor vivienda' [Herika selecting options [Herika clicks on Click on the products and services option, Herika clicks on Click on the leasing option, Herika clicks on Select the residential leasing option, Herika clicks on Select the simulate option, Herika clicks on Click on the option according to the value of the house]], When user enters the requested data to continue
| homeMarketValue | howManyYears |
| 170000000 | 11 | [Herika complete form [Herika enters '170000000' into Enter home market value, Herika clicks on Choose percentage, Herika clicks on Select percentage value, Herika enters '11' into Write how many years, Herika clicks on Click on the date of birth field, Herika clicks on Select year, Herika clicks on Select month, Herika clicks on Select day, Herika clicks on Click on the simulate button]]
[Test worker] WARN net.thucydides.core.steps.BaseStepListener - stepFinished: current outcome:Verify the result of the simulation of a home loan:Given user enters the bancolombia's page [Herika start [Herika opens the Enter page, Herika clicks on Click on the button to go to the main page]], And user selects options 'Productos y Servicios - Leasing - Simula - Segun valor vivienda' [Herika selecting options [Herika clicks on Click on the products and services option, Herika clicks on Click on the leasing option, Herika clicks on Select the residential leasing option, Herika clicks on Select the simulate option, Herika clicks on Click on the option according to the value of the house]], When user enters the requested data to continue
| homeMarketValue | howManyYears |
| 170000000 | 11 | [Herika complete form [Herika enters '170000000' into Enter home market value, Herika clicks on Choose percentage, Herika clicks on Select percentage value, Herika enters '11' into Write how many years, Herika clicks on Click on the date of birth field, Herika clicks on Select year, Herika clicks on Select month, Herika clicks on Select day, Herika clicks on Click on the simulate button]]
[Test worker] WARN net.thucydides.core.steps.BaseStepListener - stepStarted: net.thucydides.core.steps.ExecutedStepDescription@21df8f68
[Test worker] WARN net.thucydides.core.steps.BaseStepListener - stepStarted: net.thucydides.core.steps.ExecutedStepDescription@66a7013e
[Test worker] WARN net.thucydides.core.steps.BaseStepListener - stepStarted: net.thucydides.core.steps.ExecutedStepDescription@7fa18571
[Test worker] WARN net.thucydides.core.steps.BaseStepListener - stepFinished: current outcome:Verify the result of the simulation of a home loan:Given user enters the bancolombia's page [Herika start [Herika opens the Enter page, Herika clicks on Click on the button to go to the main page]], And user selects options 'Productos y Servicios - Leasing - Simula - Segun valor vivienda' [Herika selecting options [Herika clicks on Click on the products and services option, Herika clicks on Click on the leasing option, Herika clicks on Select the residential leasing option, Herika clicks on Select the simulate option, Herika clicks on Click on the option according to the value of the house]], When user enters the requested data to continue
| homeMarketValue | howManyYears |
| 170000000 | 11 | [Herika complete form [Herika enters '170000000' into Enter home market value, Herika clicks on Choose percentage, Herika clicks on Select percentage value, Herika enters '11' into Write how many years, Herika clicks on Click on the date of birth field, Herika clicks on Select year, Herika clicks on Select month, Herika clicks on Select day, Herika clicks on Click on the simulate button]], And user selects the option 'leasing Habicacional' [Herika last step [Herika clicks on Click on the simulate button]]
[Test worker] WARN net.thucydides.core.steps.BaseStepListener - stepStarted: net.thucydides.core.steps.ExecutedStepDescription@43cc5f79
[Test worker] WARN net.thucydides.core.steps.BaseStepListener - stepFinished: current outcome:Verify the result of the simulation of a home loan:Given user enters the bancolombia's page [Herika start [Herika opens the Enter page, Herika clicks on Click on the button to go to the main page]], And user selects options 'Productos y Servicios - Leasing - Simula - Segun valor vivienda' [Herika selecting options [Herika clicks on Click on the products and services option, Herika clicks on Click on the leasing option, Herika clicks on Select the residential leasing option, Herika clicks on Select the simulate option, Herika clicks on Click on the option according to the value of the house]], When user enters the requested data to continue
| homeMarketValue | howManyYears |
| 170000000 | 11 | [Herika complete form [Herika enters '170000000' into Enter home market value, Herika clicks on Choose percentage, Herika clicks on Select percentage value, Herika enters '11' into Write how many years, Herika clicks on Click on the date of birth field, Herika clicks on Select year, Herika clicks on Select month, Herika clicks on Select day, Herika clicks on Click on the simulate button]], And user selects the option 'leasing Habicacional' [Herika last step [Herika clicks on Click on the simulate button, Herika clicks on Click on rates and fees]]
[Test worker] WARN net.thucydides.core.steps.BaseStepListener - stepFinished: current outcome:Verify the result of the simulation of a home loan:Given user enters the bancolombia's page [Herika start [Herika opens the Enter page, Herika clicks on Click on the button to go to the main page]], And user selects options 'Productos y Servicios - Leasing - Simula - Segun valor vivienda' [Herika selecting options [Herika clicks on Click on the products and services option, Herika clicks on Click on the leasing option, Herika clicks on Select the residential leasing option, Herika clicks on Select the simulate option, Herika clicks on Click on the option according to the value of the house]], When user enters the requested data to continue
| homeMarketValue | howManyYears |
| 170000000 | 11 | [Herika complete form [Herika enters '170000000' into Enter home market value, Herika clicks on Choose percentage, Herika clicks on Select percentage value, Herika enters '11' into Write how many years, Herika clicks on Click on the date of birth field, Herika clicks on Select year, Herika clicks on Select month, Herika clicks on Select day, Herika clicks on Click on the simulate button]], And user selects the option 'leasing Habicacional' [Herika last step [Herika clicks on Click on the simulate button, Herika clicks on Click on rates and fees]]
[Test worker] WARN net.thucydides.core.steps.BaseStepListener - stepFinished: current outcome:Verify the result of the simulation of a home loan:Given user enters the bancolombia's page [Herika start [Herika opens the Enter page, Herika clicks on Click on the button to go to the main page]], And user selects options 'Productos y Servicios - Leasing - Simula - Segun valor vivienda' [Herika selecting options [Herika clicks on Click on the products and services option, Herika clicks on Click on the leasing option, Herika clicks on Select the residential leasing option, Herika clicks on Select the simulate option, Herika clicks on Click on the option according to the value of the house]], When user enters the requested data to continue
| homeMarketValue | howManyYears |
| 170000000 | 11 | [Herika complete form [Herika enters '170000000' into Enter home market value, Herika clicks on Choose percentage, Herika clicks on Select percentage value, Herika enters '11' into Write how many years, Herika clicks on Click on the date of birth field, Herika clicks on Select year, Herika clicks on Select month, Herika clicks on Select day, Herika clicks on Click on the simulate button]], And user selects the option 'leasing Habicacional' [Herika last step [Herika clicks on Click on the simulate button, Herika clicks on Click on rates and fees]]
[Test worker] WARN net.thucydides.core.steps.BaseStepListener - stepStarted: net.thucydides.core.steps.ExecutedStepDescription@75a89579
[Test worker] WARN net.thucydides.core.steps.BaseStepListener - stepStarted: net.thucydides.core.steps.ExecutedStepDescription@2052a32f
[Test worker] WARN net.thucydides.core.steps.BaseStepListener - stepFinished: current outcome:Verify the result of the simulation of a home loan:Given user enters the bancolombia's page [Herika start [Herika opens the Enter page, Herika clicks on Click on the button to go to the main page]], And user selects options 'Productos y Servicios - Leasing - Simula - Segun valor vivienda' [Herika selecting options [Herika clicks on Click on the products and services option, Herika clicks on Click on the leasing option, Herika clicks on Select the residential leasing option, Herika clicks on Select the simulate option, Herika clicks on Click on the option according to the value of the house]], When user enters the requested data to continue
| homeMarketValue | howManyYears |
| 170000000 | 11 | [Herika complete form [Herika enters '170000000' into Enter home market value, Herika clicks on Choose percentage, Herika clicks on Select percentage value, Herika enters '11' into Write how many years, Herika clicks on Click on the date of birth field, Herika clicks on Select year, Herika clicks on Select month, Herika clicks on Select day, Herika clicks on Click on the simulate button]], And user selects the option 'leasing Habicacional' [Herika last step [Herika clicks on Click on the simulate button, Herika clicks on Click on rates and fees]], Then user verifies the result of the simulation was successful
| strCheckSimulation |
| Cuota fija en pesos | [Then verify result should be 'Cuota fija en pesos']
[Test worker] WARN net.thucydides.core.steps.BaseStepListener - stepFinished: current outcome:Verify the result of the simulation of a home loan:Given user enters the bancolombia's page [Herika start [Herika opens the Enter page, Herika clicks on Click on the button to go to the main page]], And user selects options 'Productos y Servicios - Leasing - Simula - Segun valor vivienda' [Herika selecting options [Herika clicks on Click on the products and services option, Herika clicks on Click on the leasing option, Herika clicks on Select the residential leasing option, Herika clicks on Select the simulate option, Herika clicks on Click on the option according to the value of the house]], When user enters the requested data to continue
| homeMarketValue | howManyYears |
| 170000000 | 11 | [Herika complete form [Herika enters '170000000' into Enter home market value, Herika clicks on Choose percentage, Herika clicks on Select percentage value, Herika enters '11' into Write how many years, Herika clicks on Click on the date of birth field, Herika clicks on Select year, Herika clicks on Select month, Herika clicks on Select day, Herika clicks on Click on the simulate button]], And user selects the option 'leasing Habicacional' [Herika last step [Herika clicks on Click on the simulate button, Herika clicks on Click on rates and fees]], Then user verifies the result of the simulation was successful
| strCheckSimulation |
| Cuota fija en pesos | [Then verify result should be 'Cuota fija en pesos']
[Test worker] WARN net.thucydides.core.steps.BaseStepListener - testFinished: Verify the result of the simulation of a home loan:Given user enters the bancolombia's page [Herika start [Herika opens the Enter page, Herika clicks on Click on the button to go to the main page]], And user selects options 'Productos y Servicios - Leasing - Simula - Segun valor vivienda' [Herika selecting options [Herika clicks on Click on the products and services option, Herika clicks on Click on the leasing option, Herika clicks on Select the residential leasing option, Herika clicks on Select the simulate option, Herika clicks on Click on the option according to the value of the house]], When user enters the requested data to continue
| homeMarketValue | howManyYears |
| 170000000 | 11 | [Herika complete form [Herika enters '170000000' into Enter home market value, Herika clicks on Choose percentage, Herika clicks on Select percentage value, Herika enters '11' into Write how many years, Herika clicks on Click on the date of birth field, Herika clicks on Select year, Herika clicks on Select month, Herika clicks on Select day, Herika clicks on Click on the simulate button]], And user selects the option 'leasing Habicacional' [Herika last step [Herika clicks on Click on the simulate button, Herika clicks on Click on rates and fees]], Then user verifies the result of the simulation was successful
| strCheckSimulation |
| Cuota fija en pesos | [Then verify result should be 'Cuota fija en pesos']
[Test worker] WARN net.thucydides.core.steps.BaseStepListener - TestOutcomes: [Verify the result of the simulation of a home loan:Given user enters the bancolombia's page [Herika start [Herika opens the Enter page, Herika clicks on Click on the button to go to the main page]], And user selects options 'Productos y Servicios - Leasing - Simula - Segun valor vivienda' [Herika selecting options [Herika clicks on Click on the products and services option, Herika clicks on Click on the leasing option, Herika clicks on Select the residential leasing option, Herika clicks on Select the simulate option, Herika clicks on Click on the option according to the value of the house]], When user enters the requested data to continue
| homeMarketValue | howManyYears |
| 170000000 | 11 | [Herika complete form [Herika enters '170000000' into Enter home market value, Herika clicks on Choose percentage, Herika clicks on Select percentage value, Herika enters '11' into Write how many years, Herika clicks on Click on the date of birth field, Herika clicks on Select year, Herika clicks on Select month, Herika clicks on Select day, Herika clicks on Click on the simulate button]], And user selects the option 'leasing Habicacional' [Herika last step [Herika clicks on Click on the simulate button, Herika clicks on Click on rates and fees]], Then user verifies the result of the simulation was successful
| strCheckSimulation |
| Cuota fija en pesos | [Then verify result should be 'Cuota fija en pesos']]
[Test worker] WARN net.thucydides.core.steps.BaseStepListener - Final testOutcomes: [Verify the result of the simulation of a home loan:Given user enters the bancolombia's page [Herika start [Herika opens the Enter page, Herika clicks on Click on the button to go to the main page]], And user selects options 'Productos y Servicios - Leasing - Simula - Segun valor vivienda' [Herika selecting options [Herika clicks on Click on the products and services option, Herika clicks on Click on the leasing option, Herika clicks on Select the residential leasing option, Herika clicks on Select the simulate option, Herika clicks on Click on the option according to the value of the house]], When user enters the requested data to continue
| homeMarketValue | howManyYears |
| 170000000 | 11 | [Herika complete form [Herika enters '170000000' into Enter home market value, Herika clicks on Choose percentage, Herika clicks on Select percentage value, Herika enters '11' into Write how many years, Herika clicks on Click on the date of birth field, Herika clicks on Select year, Herika clicks on Select month, Herika clicks on Select day, Herika clicks on Click on the simulate button]], And user selects the option 'leasing Habicacional' [Herika last step [Herika clicks on Click on the simulate button, Herika clicks on Click on rates and fees]], Then user verifies the result of the simulation was successful
| strCheckSimulation |
| Cuota fija en pesos | [Then verify result should be 'Cuota fija en pesos']]
[Test worker] INFO net.thucydides.core.steps.ConsoleLoggingListener - ?[92m
        __    _____ _____ ____ _____   ____   _    ____  ____  _____ ____  
  _     \ \  |_   _| ____/ ___|_   _| |  _ \ / \  / ___|/ ___|| ____|  _ \ 
 (_)_____| |   | | |  _| \___ \ | |   | |_) / _ \ \___ \\___ \|  _| | | | |
  _|_____| |   | | | |___ ___) || |   |  __/ ___ \ ___) |___) | |___| |_| |
 (_)     | |   |_| |_____|____/ |_|   |_| /_/   \_\____/|____/|_____|____/ 
        /_/                                                                

TEST PASSED: Verify the result of the simulation of a home loan
----------------------------------------------------------------------------?[0m
[Test worker] WARN net.thucydides.core.steps.BaseStepListener - stepStarted: net.thucydides.core.steps.ExecutedStepDescription@5d88d731
[Test worker] WARN net.thucydides.core.steps.BaseStepListener - stepStarted: net.thucydides.core.steps.ExecutedStepDescription@66e8272f
[Test worker] WARN net.thucydides.core.steps.BaseStepListener - stepStarted: net.thucydides.core.steps.ExecutedStepDescription@237d71a2
abr 10, 2022 11:29:29 PM org.openqa.selenium.remote.DesiredCapabilities chrome
INFORMACIÓN: Using `new ChromeOptions()` is preferred to `DesiredCapabilities.chrome()`
[Test worker] INFO net.serenitybdd.core.webdriver.driverproviders.ProvideNewDriver - Instantiating driver
[Test worker] INFO net.serenitybdd.core.webdriver.driverproviders.ProvideNewDriver - Driver capabilities: Capabilities {acceptInsecureCerts: false, browserName: chrome, chrome.switches: --start-maximized, goog:chromeOptions: {args: [--start-maximized], extensions: []}, loggingPrefs: org.openqa.selenium.logging..., platform: ANY, version: }
Starting ChromeDriver 100.0.4896.60 (6a5d10861ce8de5fce22564658033b43cb7de047-refs/branch-heads/4896@{#875}) on port 43041
Only local connections are allowed.
Please see https://chromedriver.chromium.org/security-considerations for suggestions on keeping ChromeDriver safe.
ChromeDriver was started successfully.
abr 10, 2022 11:29:31 PM org.openqa.selenium.remote.ProtocolHandshake createSession
INFORMACIÓN: Detected dialect: W3C
[Test worker] WARN net.thucydides.core.steps.BaseStepListener - stepFinished: current outcome:Verify the result of the simulation of a housing loan with erroneous data:Given user enters the Bancolombia page [Herika start [Herika opens the Enter page]]
[Test worker] WARN net.thucydides.core.steps.BaseStepListener - stepStarted: net.thucydides.core.steps.ExecutedStepDescription@3bd6af91
[Test worker] WARN net.thucydides.core.steps.BaseStepListener - stepFinished: current outcome:Verify the result of the simulation of a housing loan with erroneous data:Given user enters the Bancolombia page [Herika start [Herika opens the Enter page, Herika clicks on Click on the button to go to the main page]]
[Test worker] WARN net.thucydides.core.steps.BaseStepListener - stepFinished: current outcome:Verify the result of the simulation of a housing loan with erroneous data:Given user enters the Bancolombia page [Herika start [Herika opens the Enter page, Herika clicks on Click on the button to go to the main page]]
[Test worker] WARN net.thucydides.core.steps.BaseStepListener - stepFinished: current outcome:Verify the result of the simulation of a housing loan with erroneous data:Given user enters the Bancolombia page [Herika start [Herika opens the Enter page, Herika clicks on Click on the button to go to the main page]]
[Test worker] WARN net.thucydides.core.steps.BaseStepListener - stepStarted: net.thucydides.core.steps.ExecutedStepDescription@40a90e55
[Test worker] WARN net.thucydides.core.steps.BaseStepListener - stepStarted: net.thucydides.core.steps.ExecutedStepDescription@5eff501b
[Test worker] WARN net.thucydides.core.steps.BaseStepListener - stepStarted: net.thucydides.core.steps.ExecutedStepDescription@3bc4ec05
[Test worker] WARN net.thucydides.core.steps.BaseStepListener - stepFinished: current outcome:Verify the result of the simulation of a housing loan with erroneous data:Given user enters the Bancolombia page [Herika start [Herika opens the Enter page, Herika clicks on Click on the button to go to the main page]], And user selects multiple options 'Productos y Servicios - Leasing - Simula - Segun valor vivienda' [Herika selecting options [Herika clicks on Click on the products and services option]]
[Test worker] WARN net.thucydides.core.steps.BaseStepListener - stepStarted: net.thucydides.core.steps.ExecutedStepDescription@7bee593f
[Test worker] WARN net.thucydides.core.steps.BaseStepListener - stepFinished: current outcome:Verify the result of the simulation of a housing loan with erroneous data:Given user enters the Bancolombia page [Herika start [Herika opens the Enter page, Herika clicks on Click on the button to go to the main page]], And user selects multiple options 'Productos y Servicios - Leasing - Simula - Segun valor vivienda' [Herika selecting options [Herika clicks on Click on the products and services option, Herika clicks on Click on the leasing option]]
[Test worker] WARN net.thucydides.core.steps.BaseStepListener - stepStarted: net.thucydides.core.steps.ExecutedStepDescription@588f5070
[Test worker] WARN net.thucydides.core.steps.BaseStepListener - stepFinished: current outcome:Verify the result of the simulation of a housing loan with erroneous data:Given user enters the Bancolombia page [Herika start [Herika opens the Enter page, Herika clicks on Click on the button to go to the main page]], And user selects multiple options 'Productos y Servicios - Leasing - Simula - Segun valor vivienda' [Herika selecting options [Herika clicks on Click on the products and services option, Herika clicks on Click on the leasing option, Herika clicks on Select the residential leasing option]]
[Test worker] WARN net.thucydides.core.steps.BaseStepListener - stepStarted: net.thucydides.core.steps.ExecutedStepDescription@7cb652d3
[Test worker] WARN net.thucydides.core.steps.BaseStepListener - stepFinished: current outcome:Verify the result of the simulation of a housing loan with erroneous data:Given user enters the Bancolombia page [Herika start [Herika opens the Enter page, Herika clicks on Click on the button to go to the main page]], And user selects multiple options 'Productos y Servicios - Leasing - Simula - Segun valor vivienda' [Herika selecting options [Herika clicks on Click on the products and services option, Herika clicks on Click on the leasing option, Herika clicks on Select the residential leasing option, Herika clicks on Select the simulate option]]
[Test worker] WARN net.thucydides.core.steps.BaseStepListener - stepStarted: net.thucydides.core.steps.ExecutedStepDescription@52adebae
[Test worker] WARN net.thucydides.core.steps.BaseStepListener - stepFinished: current outcome:Verify the result of the simulation of a housing loan with erroneous data:Given user enters the Bancolombia page [Herika start [Herika opens the Enter page, Herika clicks on Click on the button to go to the main page]], And user selects multiple options 'Productos y Servicios - Leasing - Simula - Segun valor vivienda' [Herika selecting options [Herika clicks on Click on the products and services option, Herika clicks on Click on the leasing option, Herika clicks on Select the residential leasing option, Herika clicks on Select the simulate option, Herika clicks on Click on the option according to the value of the house]]
[Test worker] WARN net.thucydides.core.steps.BaseStepListener - stepFinished: current outcome:Verify the result of the simulation of a housing loan with erroneous data:Given user enters the Bancolombia page [Herika start [Herika opens the Enter page, Herika clicks on Click on the button to go to the main page]], And user selects multiple options 'Productos y Servicios - Leasing - Simula - Segun valor vivienda' [Herika selecting options [Herika clicks on Click on the products and services option, Herika clicks on Click on the leasing option, Herika clicks on Select the residential leasing option, Herika clicks on Select the simulate option, Herika clicks on Click on the option according to the value of the house]]
[Test worker] WARN net.thucydides.core.steps.BaseStepListener - stepFinished: current outcome:Verify the result of the simulation of a housing loan with erroneous data:Given user enters the Bancolombia page [Herika start [Herika opens the Enter page, Herika clicks on Click on the button to go to the main page]], And user selects multiple options 'Productos y Servicios - Leasing - Simula - Segun valor vivienda' [Herika selecting options [Herika clicks on Click on the products and services option, Herika clicks on Click on the leasing option, Herika clicks on Select the residential leasing option, Herika clicks on Select the simulate option, Herika clicks on Click on the option according to the value of the house]]
[Test worker] WARN net.thucydides.core.steps.BaseStepListener - stepStarted: net.thucydides.core.steps.ExecutedStepDescription@5a5b1462
[Test worker] WARN net.thucydides.core.steps.BaseStepListener - stepStarted: net.thucydides.core.steps.ExecutedStepDescription@2f81f2a8
[Test worker] WARN net.thucydides.core.steps.BaseStepListener - stepStarted: net.thucydides.core.steps.ExecutedStepDescription@6be77be5
[Test worker] WARN net.thucydides.core.steps.BaseStepListener - stepFinished: current outcome:Verify the result of the simulation of a housing loan with erroneous data:Given user enters the Bancolombia page [Herika start [Herika opens the Enter page, Herika clicks on Click on the button to go to the main page]], And user selects multiple options 'Productos y Servicios - Leasing - Simula - Segun valor vivienda' [Herika selecting options [Herika clicks on Click on the products and services option, Herika clicks on Click on the leasing option, Herika clicks on Select the residential leasing option, Herika clicks on Select the simulate option, Herika clicks on Click on the option according to the value of the house]], When user enters wrong data to continue
| homeMarketValue | howManyYears |
| 122000000 | 2 | [Herika invalid data [Herika enters '122000000' into Enter home market value]]
[Test worker] WARN net.thucydides.core.steps.BaseStepListener - stepStarted: net.thucydides.core.steps.ExecutedStepDescription@a8558a3
[Test worker] WARN net.thucydides.core.steps.BaseStepListener - stepFinished: current outcome:Verify the result of the simulation of a housing loan with erroneous data:Given user enters the Bancolombia page [Herika start [Herika opens the Enter page, Herika clicks on Click on the button to go to the main page]], And user selects multiple options 'Productos y Servicios - Leasing - Simula - Segun valor vivienda' [Herika selecting options [Herika clicks on Click on the products and services option, Herika clicks on Click on the leasing option, Herika clicks on Select the residential leasing option, Herika clicks on Select the simulate option, Herika clicks on Click on the option according to the value of the house]], When user enters wrong data to continue
| homeMarketValue | howManyYears |
| 122000000 | 2 | [Herika invalid data [Herika enters '122000000' into Enter home market value, Herika clicks on Choose percentage]]
[Test worker] WARN net.thucydides.core.steps.BaseStepListener - stepStarted: net.thucydides.core.steps.ExecutedStepDescription@4bdb1cce
[Test worker] WARN net.thucydides.core.steps.BaseStepListener - stepFinished: current outcome:Verify the result of the simulation of a housing loan with erroneous data:Given user enters the Bancolombia page [Herika start [Herika opens the Enter page, Herika clicks on Click on the button to go to the main page]], And user selects multiple options 'Productos y Servicios - Leasing - Simula - Segun valor vivienda' [Herika selecting options [Herika clicks on Click on the products and services option, Herika clicks on Click on the leasing option, Herika clicks on Select the residential leasing option, Herika clicks on Select the simulate option, Herika clicks on Click on the option according to the value of the house]], When user enters wrong data to continue
| homeMarketValue | howManyYears |
| 122000000 | 2 | [Herika invalid data [Herika enters '122000000' into Enter home market value, Herika clicks on Choose percentage, Herika clicks on Select percentage value]]
[Test worker] WARN net.thucydides.core.steps.BaseStepListener - stepStarted: net.thucydides.core.steps.ExecutedStepDescription@3f606f0
[Test worker] WARN net.thucydides.core.steps.BaseStepListener - stepFinished: current outcome:Verify the result of the simulation of a housing loan with erroneous data:Given user enters the Bancolombia page [Herika start [Herika opens the Enter page, Herika clicks on Click on the button to go to the main page]], And user selects multiple options 'Productos y Servicios - Leasing - Simula - Segun valor vivienda' [Herika selecting options [Herika clicks on Click on the products and services option, Herika clicks on Click on the leasing option, Herika clicks on Select the residential leasing option, Herika clicks on Select the simulate option, Herika clicks on Click on the option according to the value of the house]], When user enters wrong data to continue
| homeMarketValue | howManyYears |
| 122000000 | 2 | [Herika invalid data [Herika enters '122000000' into Enter home market value, Herika clicks on Choose percentage, Herika clicks on Select percentage value, Herika enters '2' into Write how many years]]
[Test worker] WARN net.thucydides.core.steps.BaseStepListener - stepStarted: net.thucydides.core.steps.ExecutedStepDescription@1f431773
[Test worker] WARN net.thucydides.core.steps.BaseStepListener - stepFinished: current outcome:Verify the result of the simulation of a housing loan with erroneous data:Given user enters the Bancolombia page [Herika start [Herika opens the Enter page, Herika clicks on Click on the button to go to the main page]], And user selects multiple options 'Productos y Servicios - Leasing - Simula - Segun valor vivienda' [Herika selecting options [Herika clicks on Click on the products and services option, Herika clicks on Click on the leasing option, Herika clicks on Select the residential leasing option, Herika clicks on Select the simulate option, Herika clicks on Click on the option according to the value of the house]], When user enters wrong data to continue
| homeMarketValue | howManyYears |
| 122000000 | 2 | [Herika invalid data [Herika enters '122000000' into Enter home market value, Herika clicks on Choose percentage, Herika clicks on Select percentage value, Herika enters '2' into Write how many years, Herika clicks on Click on the date of birth field]]
[Test worker] WARN net.thucydides.core.steps.BaseStepListener - stepStarted: net.thucydides.core.steps.ExecutedStepDescription@44e74070
[Test worker] WARN net.thucydides.core.steps.BaseStepListener - stepFinished: current outcome:Verify the result of the simulation of a housing loan with erroneous data:Given user enters the Bancolombia page [Herika start [Herika opens the Enter page, Herika clicks on Click on the button to go to the main page]], And user selects multiple options 'Productos y Servicios - Leasing - Simula - Segun valor vivienda' [Herika selecting options [Herika clicks on Click on the products and services option, Herika clicks on Click on the leasing option, Herika clicks on Select the residential leasing option, Herika clicks on Select the simulate option, Herika clicks on Click on the option according to the value of the house]], When user enters wrong data to continue
| homeMarketValue | howManyYears |
| 122000000 | 2 | [Herika invalid data [Herika enters '122000000' into Enter home market value, Herika clicks on Choose percentage, Herika clicks on Select percentage value, Herika enters '2' into Write how many years, Herika clicks on Click on the date of birth field, Herika clicks on Select year]]
[Test worker] WARN net.thucydides.core.steps.BaseStepListener - stepStarted: net.thucydides.core.steps.ExecutedStepDescription@3d22d261
[Test worker] WARN net.thucydides.core.steps.BaseStepListener - stepFinished: current outcome:Verify the result of the simulation of a housing loan with erroneous data:Given user enters the Bancolombia page [Herika start [Herika opens the Enter page, Herika clicks on Click on the button to go to the main page]], And user selects multiple options 'Productos y Servicios - Leasing - Simula - Segun valor vivienda' [Herika selecting options [Herika clicks on Click on the products and services option, Herika clicks on Click on the leasing option, Herika clicks on Select the residential leasing option, Herika clicks on Select the simulate option, Herika clicks on Click on the option according to the value of the house]], When user enters wrong data to continue
| homeMarketValue | howManyYears |
| 122000000 | 2 | [Herika invalid data [Herika enters '122000000' into Enter home market value, Herika clicks on Choose percentage, Herika clicks on Select percentage value, Herika enters '2' into Write how many years, Herika clicks on Click on the date of birth field, Herika clicks on Select year, Herika clicks on Select month]]
[Test worker] WARN net.thucydides.core.steps.BaseStepListener - stepStarted: net.thucydides.core.steps.ExecutedStepDescription@45ee1895
[Test worker] WARN net.thucydides.core.steps.BaseStepListener - stepFinished: current outcome:Verify the result of the simulation of a housing loan with erroneous data:Given user enters the Bancolombia page [Herika start [Herika opens the Enter page, Herika clicks on Click on the button to go to the main page]], And user selects multiple options 'Productos y Servicios - Leasing - Simula - Segun valor vivienda' [Herika selecting options [Herika clicks on Click on the products and services option, Herika clicks on Click on the leasing option, Herika clicks on Select the residential leasing option, Herika clicks on Select the simulate option, Herika clicks on Click on the option according to the value of the house]], When user enters wrong data to continue
| homeMarketValue | howManyYears |
| 122000000 | 2 | [Herika invalid data [Herika enters '122000000' into Enter home market value, Herika clicks on Choose percentage, Herika clicks on Select percentage value, Herika enters '2' into Write how many years, Herika clicks on Click on the date of birth field, Herika clicks on Select year, Herika clicks on Select month, Herika clicks on Select day]]
[Test worker] WARN net.thucydides.core.steps.BaseStepListener - stepFinished: current outcome:Verify the result of the simulation of a housing loan with erroneous data:Given user enters the Bancolombia page [Herika start [Herika opens the Enter page, Herika clicks on Click on the button to go to the main page]], And user selects multiple options 'Productos y Servicios - Leasing - Simula - Segun valor vivienda' [Herika selecting options [Herika clicks on Click on the products and services option, Herika clicks on Click on the leasing option, Herika clicks on Select the residential leasing option, Herika clicks on Select the simulate option, Herika clicks on Click on the option according to the value of the house]], When user enters wrong data to continue
| homeMarketValue | howManyYears |
| 122000000 | 2 | [Herika invalid data [Herika enters '122000000' into Enter home market value, Herika clicks on Choose percentage, Herika clicks on Select percentage value, Herika enters '2' into Write how many years, Herika clicks on Click on the date of birth field, Herika clicks on Select year, Herika clicks on Select month, Herika clicks on Select day]]
[Test worker] WARN net.thucydides.core.steps.BaseStepListener - stepFinished: current outcome:Verify the result of the simulation of a housing loan with erroneous data:Given user enters the Bancolombia page [Herika start [Herika opens the Enter page, Herika clicks on Click on the button to go to the main page]], And user selects multiple options 'Productos y Servicios - Leasing - Simula - Segun valor vivienda' [Herika selecting options [Herika clicks on Click on the products and services option, Herika clicks on Click on the leasing option, Herika clicks on Select the residential leasing option, Herika clicks on Select the simulate option, Herika clicks on Click on the option according to the value of the house]], When user enters wrong data to continue
| homeMarketValue | howManyYears |
| 122000000 | 2 | [Herika invalid data [Herika enters '122000000' into Enter home market value, Herika clicks on Choose percentage, Herika clicks on Select percentage value, Herika enters '2' into Write how many years, Herika clicks on Click on the date of birth field, Herika clicks on Select year, Herika clicks on Select month, Herika clicks on Select day]]
[Test worker] WARN net.thucydides.core.steps.BaseStepListener - stepStarted: net.thucydides.core.steps.ExecutedStepDescription@7139a947
[Test worker] WARN net.thucydides.core.steps.BaseStepListener - stepStarted: net.thucydides.core.steps.ExecutedStepDescription@30d2b797
[Test worker] WARN net.thucydides.core.steps.BaseStepListener - stepFinished: current outcome:Verify the result of the simulation of a housing loan with erroneous data:Given user enters the Bancolombia page [Herika start [Herika opens the Enter page, Herika clicks on Click on the button to go to the main page]], And user selects multiple options 'Productos y Servicios - Leasing - Simula - Segun valor vivienda' [Herika selecting options [Herika clicks on Click on the products and services option, Herika clicks on Click on the leasing option, Herika clicks on Select the residential leasing option, Herika clicks on Select the simulate option, Herika clicks on Click on the option according to the value of the house]], When user enters wrong data to continue
| homeMarketValue | howManyYears |
| 122000000 | 2 | [Herika invalid data [Herika enters '122000000' into Enter home market value, Herika clicks on Choose percentage, Herika clicks on Select percentage value, Herika enters '2' into Write how many years, Herika clicks on Click on the date of birth field, Herika clicks on Select year, Herika clicks on Select month, Herika clicks on Select day]], Then user verifies if with the erroneous data he can do the credit simulation
| errorMessage |
| El campo no cumple con el valor mínimo: 5 años | [Then incorrect data]
[Test worker] WARN net.thucydides.core.steps.BaseStepListener - stepFinished: current outcome:Verify the result of the simulation of a housing loan with erroneous data:Given user enters the Bancolombia page [Herika start [Herika opens the Enter page, Herika clicks on Click on the button to go to the main page]], And user selects multiple options 'Productos y Servicios - Leasing - Simula - Segun valor vivienda' [Herika selecting options [Herika clicks on Click on the products and services option, Herika clicks on Click on the leasing option, Herika clicks on Select the residential leasing option, Herika clicks on Select the simulate option, Herika clicks on Click on the option according to the value of the house]], When user enters wrong data to continue
| homeMarketValue | howManyYears |
| 122000000 | 2 | [Herika invalid data [Herika enters '122000000' into Enter home market value, Herika clicks on Choose percentage, Herika clicks on Select percentage value, Herika enters '2' into Write how many years, Herika clicks on Click on the date of birth field, Herika clicks on Select year, Herika clicks on Select month, Herika clicks on Select day]], Then user verifies if with the erroneous data he can do the credit simulation
| errorMessage |
| El campo no cumple con el valor mínimo: 5 años | [Then incorrect data]
[Test worker] WARN net.thucydides.core.steps.BaseStepListener - testFinished: Verify the result of the simulation of a housing loan with erroneous data:Given user enters the Bancolombia page [Herika start [Herika opens the Enter page, Herika clicks on Click on the button to go to the main page]], And user selects multiple options 'Productos y Servicios - Leasing - Simula - Segun valor vivienda' [Herika selecting options [Herika clicks on Click on the products and services option, Herika clicks on Click on the leasing option, Herika clicks on Select the residential leasing option, Herika clicks on Select the simulate option, Herika clicks on Click on the option according to the value of the house]], When user enters wrong data to continue
| homeMarketValue | howManyYears |
| 122000000 | 2 | [Herika invalid data [Herika enters '122000000' into Enter home market value, Herika clicks on Choose percentage, Herika clicks on Select percentage value, Herika enters '2' into Write how many years, Herika clicks on Click on the date of birth field, Herika clicks on Select year, Herika clicks on Select month, Herika clicks on Select day]], Then user verifies if with the erroneous data he can do the credit simulation
| errorMessage |
| El campo no cumple con el valor mínimo: 5 años | [Then incorrect data]
[Test worker] WARN net.thucydides.core.steps.BaseStepListener - TestOutcomes: [Verify the result of the simulation of a home loan:Given user enters the bancolombia's page [Herika start [Herika opens the Enter page, Herika clicks on Click on the button to go to the main page]], And user selects options 'Productos y Servicios - Leasing - Simula - Segun valor vivienda' [Herika selecting options [Herika clicks on Click on the products and services option, Herika clicks on Click on the leasing option, Herika clicks on Select the residential leasing option, Herika clicks on Select the simulate option, Herika clicks on Click on the option according to the value of the house]], When user enters the requested data to continue
| homeMarketValue | howManyYears |
| 170000000 | 11 | [Herika complete form [Herika enters '170000000' into Enter home market value, Herika clicks on Choose percentage, Herika clicks on Select percentage value, Herika enters '11' into Write how many years, Herika clicks on Click on the date of birth field, Herika clicks on Select year, Herika clicks on Select month, Herika clicks on Select day, Herika clicks on Click on the simulate button]], And user selects the option 'leasing Habicacional' [Herika last step [Herika clicks on Click on the simulate button, Herika clicks on Click on rates and fees]], Then user verifies the result of the simulation was successful
| strCheckSimulation |
| Cuota fija en pesos | [Then verify result should be 'Cuota fija en pesos'], Verify the result of the simulation of a housing loan with erroneous data:Given user enters the Bancolombia page [Herika start [Herika opens the Enter page, Herika clicks on Click on the button to go to the main page]], And user selects multiple options 'Productos y Servicios - Leasing - Simula - Segun valor vivienda' [Herika selecting options [Herika clicks on Click on the products and services option, Herika clicks on Click on the leasing option, Herika clicks on Select the residential leasing option, Herika clicks on Select the simulate option, Herika clicks on Click on the option according to the value of the house]], When user enters wrong data to continue
| homeMarketValue | howManyYears |
| 122000000 | 2 | [Herika invalid data [Herika enters '122000000' into Enter home market value, Herika clicks on Choose percentage, Herika clicks on Select percentage value, Herika enters '2' into Write how many years, Herika clicks on Click on the date of birth field, Herika clicks on Select year, Herika clicks on Select month, Herika clicks on Select day]], Then user verifies if with the erroneous data he can do the credit simulation
| errorMessage |
| El campo no cumple con el valor mínimo: 5 años | [Then incorrect data]]
[Test worker] WARN net.thucydides.core.steps.BaseStepListener - Final testOutcomes: [Verify the result of the simulation of a home loan:Given user enters the bancolombia's page [Herika start [Herika opens the Enter page, Herika clicks on Click on the button to go to the main page]], And user selects options 'Productos y Servicios - Leasing - Simula - Segun valor vivienda' [Herika selecting options [Herika clicks on Click on the products and services option, Herika clicks on Click on the leasing option, Herika clicks on Select the residential leasing option, Herika clicks on Select the simulate option, Herika clicks on Click on the option according to the value of the house]], When user enters the requested data to continue
| homeMarketValue | howManyYears |
| 170000000 | 11 | [Herika complete form [Herika enters '170000000' into Enter home market value, Herika clicks on Choose percentage, Herika clicks on Select percentage value, Herika enters '11' into Write how many years, Herika clicks on Click on the date of birth field, Herika clicks on Select year, Herika clicks on Select month, Herika clicks on Select day, Herika clicks on Click on the simulate button]], And user selects the option 'leasing Habicacional' [Herika last step [Herika clicks on Click on the simulate button, Herika clicks on Click on rates and fees]], Then user verifies the result of the simulation was successful
| strCheckSimulation |
| Cuota fija en pesos | [Then verify result should be 'Cuota fija en pesos'], Verify the result of the simulation of a housing loan with erroneous data:Given user enters the Bancolombia page [Herika start [Herika opens the Enter page, Herika clicks on Click on the button to go to the main page]], And user selects multiple options 'Productos y Servicios - Leasing - Simula - Segun valor vivienda' [Herika selecting options [Herika clicks on Click on the products and services option, Herika clicks on Click on the leasing option, Herika clicks on Select the residential leasing option, Herika clicks on Select the simulate option, Herika clicks on Click on the option according to the value of the house]], When user enters wrong data to continue
| homeMarketValue | howManyYears |
| 122000000 | 2 | [Herika invalid data [Herika enters '122000000' into Enter home market value, Herika clicks on Choose percentage, Herika clicks on Select percentage value, Herika enters '2' into Write how many years, Herika clicks on Click on the date of birth field, Herika clicks on Select year, Herika clicks on Select month, Herika clicks on Select day]], Then user verifies if with the erroneous data he can do the credit simulation
| errorMessage |
| El campo no cumple con el valor mínimo: 5 años | [Then incorrect data]]
[Test worker] INFO net.thucydides.core.steps.ConsoleLoggingListener - ?[92m
        __    _____ _____ ____ _____   ____   _    ____  ____  _____ ____  
  _     \ \  |_   _| ____/ ___|_   _| |  _ \ / \  / ___|/ ___|| ____|  _ \ 
 (_)_____| |   | | |  _| \___ \ | |   | |_) / _ \ \___ \\___ \|  _| | | | |
  _|_____| |   | | | |___ ___) || |   |  __/ ___ \ ___) |___) | |___| |_| |
 (_)     | |   |_| |_____|____/ |_|   |_| /_/   \_\____/|____/|_____|____/ 
        /_/                                                                

TEST PASSED: Verify the result of the simulation of a housing loan with erroneous data
----------------------------------------------------------------------------?[0m
]]></system-err>
</testsuite>
